<?xml version="1.0" encoding="UTF-8"?>
<!-- Generated by org.testng.reporters.JUnitXMLReporter -->
<testsuite ignored="0" hostname="DESKTOP-HIF0G3U" failures="0" tests="3" name="Test" time="6.876" errors="0" timestamp="2021-05-02T19:19:00 AEST">
  <testcase classname="com.selenium.tests.CodilityislandTest" name="emptyKeywordSearch" time="1.506"/>
  <testcase classname="com.selenium.tests.CodilityislandTest" name="searchPortTest" time="2.191"/>
  <testcase classname="com.selenium.tests.CodilityislandTest" name="searchIslandTest" time="2.181"/>
</testsuite> <!-- Test -->
